{
  "RSpec": {
    "coverage": {
      "c:/Users/Science/Documents/GoogleDrive/CODES/RubyProjects/letsfly/db/seeds.rb": [
        null,
        null,
        null,
        null,
        null,
        null,
        null,
        null,
        null,
        1,
        1,
        null,
        1,
        1,
        null,
        1,
        28,
        null,
        null,
        1,
        null,
        null,
        null,
        null,
        null,
        1,
        200,
        200,
        200,
        200,
        200,
        null,
        200,
        null,
        null,
        200,
        200,
        200,
        200,
        200,
        200,
        200,
        null
      ],
      "c:/Users/Science/Documents/GoogleDrive/CODES/RubyProjects/letsfly/app/models/airport.rb": [
        1,
        1,
        null,
        1,
        1,
        null,
        1,
        617,
        null,
        null
      ],
      "c:/Users/Science/Documents/GoogleDrive/CODES/RubyProjects/letsfly/app/models/flight.rb": [
        1,
        1,
        1,
        1,
        1,
        null,
        1,
        1,
        1,
        1,
        1,
        1,
        1,
        1,
        1,
        null,
        1,
        0,
        null,
        null,
        null,
        0,
        null,
        null,
        null,
        null,
        0,
        null,
        null,
        null,
        null,
        0,
        null,
        null,
        null,
        null,
        0,
        null,
        null,
        0,
        null,
        null
      ],
      "c:/Users/Science/Documents/GoogleDrive/CODES/RubyProjects/letsfly/spec/features/landing_pages_spec.rb": [
        1,
        null,
        1,
        1,
        1,
        1,
        1,
        null,
        null,
        1,
        1,
        1,
        1,
        1,
        null,
        null,
        null,
        1,
        1,
        1,
        1,
        null,
        null,
        null,
        null,
        1,
        1,
        1,
        1,
        null,
        1,
        null,
        null,
        1,
        1,
        1,
        1,
        null,
        1,
        1,
        null,
        null,
        null,
        1,
        null,
        1,
        1,
        1,
        1,
        1,
        1,
        1,
        1,
        null,
        null,
        null,
        null,
        null,
        null,
        null,
        null,
        null,
        null,
        null,
        null,
        null,
        null,
        null,
        null,
        null,
        null,
        null,
        null,
        null,
        null,
        null,
        null,
        1,
        1,
        null,
        null,
        1,
        1,
        null,
        null,
        1,
        1,
        1,
        1,
        1,
        1,
        null,
        null,
        null,
        1,
        1,
        1,
        1,
        null,
        1,
        1,
        1,
        1,
        null,
        1,
        1,
        null,
        1,
        1,
        1,
        1,
        1,
        1,
        null,
        null,
        1,
        1,
        null,
        1,
        null,
        null,
        null
      ],
      "c:/Users/Science/Documents/GoogleDrive/CODES/RubyProjects/letsfly/spec/features/signup_signin_page_spec.rb": [
        1,
        null,
        1,
        1,
        1,
        null,
        null,
        1,
        1,
        1,
        1,
        1,
        1,
        null,
        1,
        1,
        null,
        null,
        null,
        1,
        1,
        3,
        null,
        null,
        1,
        1,
        null,
        null,
        1,
        1,
        null,
        1,
        1,
        null,
        null,
        null,
        1,
        1,
        null,
        1,
        null,
        1,
        1,
        1,
        null,
        null,
        null,
        1,
        1,
        1,
        null,
        1,
        1,
        1,
        1,
        1,
        null,
        null,
        null,
        1,
        null,
        3,
        3,
        3,
        3,
        3,
        null,
        null,
        null,
        null,
        1,
        1,
        1,
        1,
        1,
        1,
        1,
        null,
        1,
        1,
        null,
        null,
        null,
        1,
        null,
        null,
        1,
        2,
        null,
        null,
        1,
        1,
        null,
        null,
        1,
        1,
        null,
        1,
        1,
        null,
        null,
        1,
        1,
        null,
        1,
        null,
        1,
        null,
        null,
        null,
        null,
        null,
        null,
        null,
        1,
        null,
        2,
        2,
        2,
        null,
        null,
        null,
        null
      ],
      "c:/Users/Science/Documents/GoogleDrive/CODES/RubyProjects/letsfly/spec/helpers/bookings_helper_spec.rb": [
        1,
        null,
        null,
        null,
        null,
        null,
        null,
        null,
        null,
        null,
        null,
        null,
        1,
        null,
        null
      ],
      "c:/Users/Science/Documents/GoogleDrive/CODES/RubyProjects/letsfly/spec/helpers/flights_helper_spec.rb": [
        1,
        null,
        null,
        null,
        null,
        null,
        null,
        null,
        null,
        null,
        null,
        null,
        1,
        null,
        null
      ],
      "c:/Users/Science/Documents/GoogleDrive/CODES/RubyProjects/letsfly/spec/helpers/sessions_helper_spec.rb": [
        1,
        null,
        null,
        null,
        null,
        null,
        null,
        null,
        null,
        null,
        null,
        null,
        1,
        null,
        null
      ],
      "c:/Users/Science/Documents/GoogleDrive/CODES/RubyProjects/letsfly/spec/helpers/users_helper_spec.rb": [
        1,
        null,
        null,
        null,
        null,
        null,
        null,
        null,
        null,
        null,
        null,
        null,
        1,
        null,
        null
      ],
      "c:/Users/Science/Documents/GoogleDrive/CODES/RubyProjects/letsfly/spec/mailers/confirmation_mailer_spec.rb": [
        1,
        null,
        1,
        null,
        null
      ],
      "c:/Users/Science/Documents/GoogleDrive/CODES/RubyProjects/letsfly/app/mailers/confirmation_mailer.rb": [
        1,
        1,
        2,
        2,
        2,
        null,
        null
      ],
      "c:/Users/Science/Documents/GoogleDrive/CODES/RubyProjects/letsfly/app/mailers/application_mailer.rb": [
        1,
        1,
        1,
        null
      ],
      "c:/Users/Science/Documents/GoogleDrive/CODES/RubyProjects/letsfly/spec/models/airport_spec.rb": [
        1,
        null,
        1,
        1,
        1,
        null,
        null,
        10,
        null,
        1,
        1,
        2,
        2,
        2,
        null,
        null,
        1,
        1,
        1,
        null,
        null,
        null,
        null,
        1,
        2,
        2,
        null,
        2,
        2,
        null,
        null,
        1,
        1,
        1,
        null,
        null,
        null,
        null
      ],
      "c:/Users/Science/Documents/GoogleDrive/CODES/RubyProjects/letsfly/spec/models/booking_spec.rb": [
        1,
        null,
        1,
        1,
        1,
        null,
        null,
        10,
        null,
        1,
        1,
        2,
        2,
        2,
        2,
        2,
        null,
        null,
        null,
        null,
        null,
        null,
        null,
        null,
        null,
        1,
        2,
        2,
        2,
        null,
        null,
        null,
        null,
        null,
        1,
        2,
        null,
        null
      ],
      "c:/Users/Science/Documents/GoogleDrive/CODES/RubyProjects/letsfly/app/models/booking.rb": [
        1,
        1,
        1,
        1,
        null,
        1,
        1,
        1,
        1,
        null,
        1,
        null,
        null,
        1,
        2,
        2,
        null,
        0,
        null,
        null,
        null,
        1,
        1,
        1,
        1,
        1,
        1,
        1,
        null,
        null,
        1,
        1,
        null,
        null,
        1,
        0,
        0,
        0,
        null,
        null
      ],
      "c:/Users/Science/Documents/GoogleDrive/CODES/RubyProjects/letsfly/spec/models/flight_spec.rb": [
        1,
        null,
        1,
        1,
        1,
        null,
        null,
        23,
        null,
        1,
        1,
        2,
        2,
        2,
        2,
        2,
        2,
        2,
        2,
        2,
        null,
        null,
        null,
        1,
        2,
        2,
        2,
        2,
        2,
        2,
        2,
        2,
        2,
        null,
        null,
        null,
        null,
        null,
        1,
        2,
        2,
        2,
        1,
        1,
        null,
        null,
        null
      ],
      "c:/Users/Science/Documents/GoogleDrive/CODES/RubyProjects/letsfly/spec/models/passenger_spec.rb": [
        1,
        null,
        1,
        1,
        1,
        null,
        null,
        12,
        null,
        1,
        1,
        2,
        2,
        2,
        2,
        null,
        null,
        null,
        1,
        2,
        null,
        2,
        1,
        1,
        null,
        1,
        1,
        null,
        2,
        2,
        null,
        null,
        1,
        2,
        null,
        null
      ],
      "c:/Users/Science/Documents/GoogleDrive/CODES/RubyProjects/letsfly/app/models/passenger.rb": [
        1,
        1,
        null,
        1,
        1,
        null,
        null,
        null
      ],
      "c:/Users/Science/Documents/GoogleDrive/CODES/RubyProjects/letsfly/spec/models/user_spec.rb": [
        1,
        null,
        1,
        1,
        1,
        null,
        null,
        13,
        null,
        1,
        2,
        2,
        2,
        null,
        null,
        1,
        2,
        2,
        2,
        null,
        2,
        2,
        2,
        2,
        2,
        null,
        null,
        1,
        2,
        null,
        null
      ],
      "c:/Users/Science/Documents/GoogleDrive/CODES/RubyProjects/letsfly/app/models/user.rb": [
        1,
        1,
        1,
        null,
        1,
        1,
        null,
        null,
        null
      ],
      "c:/Users/Science/Documents/GoogleDrive/CODES/RubyProjects/letsfly/spec/requests/landing_pages_spec.rb": [
        1,
        null,
        1,
        1,
        1,
        1,
        1,
        null,
        null,
        null
      ],
      "c:/Users/Science/Documents/GoogleDrive/CODES/RubyProjects/letsfly/spec/views/bookings/index.html.erb_spec.rb": [
        1,
        null,
        1,
        null,
        null
      ],
      "c:/Users/Science/Documents/GoogleDrive/CODES/RubyProjects/letsfly/spec/views/flights/index.html.erb_spec.rb": [
        1,
        null,
        1,
        null,
        null
      ],
      "c:/Users/Science/Documents/GoogleDrive/CODES/RubyProjects/letsfly/spec/views/flights/search.html.erb_spec.rb": [
        1,
        null,
        1,
        null,
        null
      ],
      "c:/Users/Science/Documents/GoogleDrive/CODES/RubyProjects/letsfly/spec/views/sessions/new.html.erb_spec.rb": [
        1,
        null,
        1,
        null,
        null
      ],
      "c:/Users/Science/Documents/GoogleDrive/CODES/RubyProjects/letsfly/spec/views/users/create.html.erb_spec.rb": [
        1,
        null,
        1,
        null,
        null
      ],
      "c:/Users/Science/Documents/GoogleDrive/CODES/RubyProjects/letsfly/spec/views/users/destroy.html.erb_spec.rb": [
        1,
        null,
        1,
        null,
        null
      ],
      "c:/Users/Science/Documents/GoogleDrive/CODES/RubyProjects/letsfly/spec/views/users/new.html.erb_spec.rb": [
        1,
        null,
        1,
        null,
        null
      ],
      "c:/Users/Science/Documents/GoogleDrive/CODES/RubyProjects/letsfly/app/controllers/pages_controller.rb": [
        1,
        1,
        11,
        11,
        11,
        11,
        null,
        null
      ],
      "c:/Users/Science/Documents/GoogleDrive/CODES/RubyProjects/letsfly/app/controllers/application_controller.rb": [
        1,
        null,
        null,
        1,
        null,
        1,
        null,
        1,
        61,
        null,
        null,
        1,
        0,
        null,
        null,
        0,
        null,
        null,
        1,
        null
      ],
      "c:/Users/Science/Documents/GoogleDrive/CODES/RubyProjects/letsfly/app/controllers/flights_controller.rb": [
        1,
        1,
        1,
        1,
        null,
        1,
        1,
        null,
        null,
        1,
        0,
        0,
        0,
        0,
        0,
        0,
        null,
        null,
        null,
        1,
        0,
        null,
        null,
        null,
        null,
        null,
        null,
        null
      ],
      "c:/Users/Science/Documents/GoogleDrive/CODES/RubyProjects/letsfly/app/controllers/bookings_controller.rb": [
        1,
        1,
        null,
        1,
        0,
        null,
        null,
        1,
        1,
        1,
        2,
        null,
        null,
        1,
        1,
        null,
        1,
        1,
        1,
        null,
        0,
        null,
        null,
        null,
        1,
        null,
        null,
        1,
        1,
        1,
        0,
        null,
        1,
        null,
        null,
        null,
        1,
        2,
        2,
        2,
        null,
        null,
        1,
        1,
        1,
        null,
        null,
        null,
        1,
        null,
        1,
        null,
        null,
        1,
        0,
        null,
        0,
        0,
        null,
        null,
        1,
        1,
        null,
        null,
        1,
        1,
        null,
        null,
        1,
        null,
        null,
        null,
        1,
        null,
        1,
        null,
        null,
        1,
        1,
        null,
        null,
        1,
        2,
        null,
        null,
        null,
        null,
        null
      ],
      "c:/Users/Science/Documents/GoogleDrive/CODES/RubyProjects/letsfly/app/controllers/users_controller.rb": [
        1,
        1,
        4,
        null,
        null,
        1,
        3,
        3,
        1,
        1,
        null,
        2,
        null,
        null,
        null,
        1,
        null,
        null,
        1,
        3,
        null,
        null,
        null,
        null,
        null,
        null,
        null
      ],
      "c:/Users/Science/Documents/GoogleDrive/CODES/RubyProjects/letsfly/app/controllers/sessions_controller.rb": [
        1,
        1,
        null,
        null,
        1,
        2,
        2,
        1,
        1,
        null,
        1,
        null,
        null,
        null,
        1,
        0,
        0,
        null,
        null,
        1,
        3,
        null,
        null
      ]
    },
    "timestamp": 1452034106
  }
}
